{
  "C:\\Users\\Admin\\Documents\\Test\\storybook\\stories\\Button.jsx": {
    "path": "C:\\Users\\Admin\\Documents\\Test\\storybook\\stories\\Button.jsx",
    "statementMap": {
      "0": {
        "start": {
          "line": 8,
          "column": 22
        },
        "end": {
          "line": 20,
          "column": 1
        }
      },
      "1": {
        "start": {
          "line": 9,
          "column": 15
        },
        "end": {
          "line": 9,
          "column": 84
        }
      },
      "2": {
        "start": {
          "line": 10,
          "column": 2
        },
        "end": {
          "line": 19,
          "column": 4
        }
      },
      "3": {
        "start": {
          "line": 22,
          "column": 0
        },
        "end": {
          "line": 43,
          "column": 2
        }
      },
      "4": {
        "start": {
          "line": 45,
          "column": 0
        },
        "end": {
          "line": 50,
          "column": 2
        }
      }
    },
    "fnMap": {
      "0": {
        "name": "(anonymous_0)",
        "decl": {
          "start": {
            "line": 8,
            "column": 22
          },
          "end": {
            "line": 8,
            "column": 23
          }
        },
        "loc": {
          "start": {
            "line": 8,
            "column": 79
          },
          "end": {
            "line": 20,
            "column": 1
          }
        },
        "line": 8
      }
    },
    "branchMap": {
      "0": {
        "loc": {
          "start": {
            "line": 9,
            "column": 15
          },
          "end": {
            "line": 9,
            "column": 84
          }
        },
        "type": "cond-expr",
        "locations": [
          {
            "start": {
              "line": 9,
              "column": 25
            },
            "end": {
              "line": 9,
              "column": 52
            }
          },
          {
            "start": {
              "line": 9,
              "column": 55
            },
            "end": {
              "line": 9,
              "column": 84
            }
          }
        ],
        "line": 9
      },
      "1": {
        "loc": {
          "start": {
            "line": 14,
            "column": 13
          },
          "end": {
            "line": 14,
            "column": 51
          }
        },
        "type": "binary-expr",
        "locations": [
          {
            "start": {
              "line": 14,
              "column": 13
            },
            "end": {
              "line": 14,
              "column": 28
            }
          },
          {
            "start": {
              "line": 14,
              "column": 32
            },
            "end": {
              "line": 14,
              "column": 51
            }
          }
        ],
        "line": 14
      }
    },
    "s": {
      "0": 9,
      "1": 21,
      "2": 21,
      "3": 9,
      "4": 9
    },
    "f": {
      "0": 21
    },
    "b": {
      "0": [
        5,
        16
      ],
      "1": [
        21,
        1
      ]
    },
    "_coverageSchema": "1a1c01bbd47fc00a2c39e90264f33305004495a9",
    "hash": "a82e30cb3af3fa4462348a2642e0adebaddab83e"
  },
  "C:\\Users\\Admin\\Documents\\Test\\storybook\\stories\\Header.jsx": {
    "path": "C:\\Users\\Admin\\Documents\\Test\\storybook\\stories\\Header.jsx",
    "statementMap": {
      "0": {
        "start": {
          "line": 7,
          "column": 22
        },
        "end": {
          "line": 46,
          "column": 1
        }
      },
      "1": {
        "start": {
          "line": 8,
          "column": 2
        },
        "end": {
          "line": 45,
          "column": 11
        }
      },
      "2": {
        "start": {
          "line": 48,
          "column": 0
        },
        "end": {
          "line": 53,
          "column": 2
        }
      },
      "3": {
        "start": {
          "line": 55,
          "column": 0
        },
        "end": {
          "line": 57,
          "column": 2
        }
      }
    },
    "fnMap": {
      "0": {
        "name": "(anonymous_0)",
        "decl": {
          "start": {
            "line": 7,
            "column": 22
          },
          "end": {
            "line": 7,
            "column": 23
          }
        },
        "loc": {
          "start": {
            "line": 8,
            "column": 2
          },
          "end": {
            "line": 45,
            "column": 11
          }
        },
        "line": 8
      }
    },
    "branchMap": {
      "0": {
        "loc": {
          "start": {
            "line": 30,
            "column": 9
          },
          "end": {
            "line": 42,
            "column": 9
          }
        },
        "type": "cond-expr",
        "locations": [
          {
            "start": {
              "line": 31,
              "column": 10
            },
            "end": {
              "line": 36,
              "column": 13
            }
          },
          {
            "start": {
              "line": 38,
              "column": 10
            },
            "end": {
              "line": 41,
              "column": 13
            }
          }
        ],
        "line": 30
      }
    },
    "s": {
      "0": 9,
      "1": 7,
      "2": 9,
      "3": 9
    },
    "f": {
      "0": 7
    },
    "b": {
      "0": [
        3,
        4
      ]
    },
    "_coverageSchema": "1a1c01bbd47fc00a2c39e90264f33305004495a9",
    "hash": "6eedceff431f2ae842042dcfbfb03c71a4a15dc8"
  },
  "C:\\Users\\Admin\\Documents\\Test\\storybook\\stories\\Page.jsx": {
    "path": "C:\\Users\\Admin\\Documents\\Test\\storybook\\stories\\Page.jsx",
    "statementMap": {
      "0": {
        "start": {
          "line": 6,
          "column": 20
        },
        "end": {
          "line": 69,
          "column": 1
        }
      },
      "1": {
        "start": {
          "line": 7,
          "column": 26
        },
        "end": {
          "line": 7,
          "column": 42
        }
      },
      "2": {
        "start": {
          "line": 9,
          "column": 2
        },
        "end": {
          "line": 68,
          "column": 4
        }
      },
      "3": {
        "start": {
          "line": 13,
          "column": 23
        },
        "end": {
          "line": 13,
          "column": 52
        }
      },
      "4": {
        "start": {
          "line": 14,
          "column": 24
        },
        "end": {
          "line": 14,
          "column": 42
        }
      },
      "5": {
        "start": {
          "line": 15,
          "column": 31
        },
        "end": {
          "line": 15,
          "column": 60
        }
      }
    },
    "fnMap": {
      "0": {
        "name": "(anonymous_0)",
        "decl": {
          "start": {
            "line": 6,
            "column": 20
          },
          "end": {
            "line": 6,
            "column": 21
          }
        },
        "loc": {
          "start": {
            "line": 6,
            "column": 26
          },
          "end": {
            "line": 69,
            "column": 1
          }
        },
        "line": 6
      },
      "1": {
        "name": "(anonymous_1)",
        "decl": {
          "start": {
            "line": 13,
            "column": 17
          },
          "end": {
            "line": 13,
            "column": 18
          }
        },
        "loc": {
          "start": {
            "line": 13,
            "column": 23
          },
          "end": {
            "line": 13,
            "column": 52
          }
        },
        "line": 13
      },
      "2": {
        "name": "(anonymous_2)",
        "decl": {
          "start": {
            "line": 14,
            "column": 18
          },
          "end": {
            "line": 14,
            "column": 19
          }
        },
        "loc": {
          "start": {
            "line": 14,
            "column": 24
          },
          "end": {
            "line": 14,
            "column": 42
          }
        },
        "line": 14
      },
      "3": {
        "name": "(anonymous_3)",
        "decl": {
          "start": {
            "line": 15,
            "column": 25
          },
          "end": {
            "line": 15,
            "column": 26
          }
        },
        "loc": {
          "start": {
            "line": 15,
            "column": 31
          },
          "end": {
            "line": 15,
            "column": 60
          }
        },
        "line": 15
      }
    },
    "branchMap": {},
    "s": {
      "0": 9,
      "1": 4,
      "2": 4,
      "3": 1,
      "4": 0,
      "5": 0
    },
    "f": {
      "0": 4,
      "1": 1,
      "2": 0,
      "3": 0
    },
    "b": {},
    "_coverageSchema": "1a1c01bbd47fc00a2c39e90264f33305004495a9",
    "hash": "0342e10383c4467912d3d94733c1dece08eeaebb"
  }
}